<?xml version="1.0" encoding="UTF-8"?>
<!-- Generated by org.testng.reporters.JUnitXMLReporter -->
<testsuite ignored="0" hostname="Rodolfos-MBP.attlocal.net" failures="0" tests="3" name="Pixel_5" time="30.245" errors="0" timestamp="2022-09-26T22:58:27 EDT">
  <testcase classname="com.qa.tests.LoginTests" name="invalidPassword" time="4.917"/>
  <testcase classname="com.qa.tests.LoginTests" name="invalidUserName" time="3.365"/>
  <testcase classname="com.qa.tests.LoginTests" name="successfulLogin" time="4.367"/>
</testsuite> <!-- Pixel_5 -->
