<?xml version="1.0" encoding="UTF-8"?>
<testsuite xmlns:xsi="http://www.w3.org/2001/XMLSchema-instance" xsi:noNamespaceSchemaLocation="https://maven.apache.org/surefire/maven-surefire-plugin/xsd/surefire-test-report-3.0.xsd" version="3.0" name="TestSuite" time="33.22" tests="3" errors="0" skipped="0" failures="0">
  <properties>
[...]
</properties>
  <testcase name="invalidPassword" classname="com.qa.tests.LoginTests" time="4.927">
    <system-out><![CDATA[&amp#27;[35m[Appium]&amp#27;[39m Welcome to Appium v1.22.3
&amp#27;[35m[Appium]&amp#27;[39m Appium REST http interface listener started on 0.0.0.0:4723
&amp#27;[35m[HTTP]&amp#27;[39m &amp#27;[37m-->&amp#27;[39m &amp#27;[37mGET&amp#27;[39m &amp#27;[37m/wd/hub/status&amp#27;[39m
&amp#27;[35m[HTTP]&amp#27;[39m &amp#27;[90m{}&amp#27;[39m
[debug] &amp#27;[35m[GENERIC]&amp#27;[39m Calling AppiumDriver.[INFO ] 2022-09-26 22:57:56.725 com.qa.BaseTest:150 - Appium server started
[INFO ] 2022-09-26 22:57:56.786 com.qa.BaseTest:232 - log path: logs/Android_Pixel_5_API_32
[INFO ] 2022-09-26 22:57:56.790 com.qa.BaseTest:239 - load config.properties
[INFO ] 2022-09-26 22:57:56.797 com.qa.BaseTest:244 - load strings/strings.xml
[INFO ] 2022-09-26 22:57:56.815 com.qa.BaseTest:269 - appUrl is/Users/arieshome/Projects/Git/appium-pageobjectmodel/src/test/resources/app/Android.SauceLabs.Mobile.Sample.app.2.2.1.apk
[INFO ] 2022-09-26 22:58:08.162 com.qa.BaseTest:292 - driver initialized: io.appium.java_client.android.AndroidDriver, Capabilities: {app=/Users/arieshome/Projects/Git/appium-pageobjectmodel/src/test/resources/app/Android.SauceLabs.Mobile.Sample.app.2.2.1.apk, appActivity=com.swaglabsmobileapp.SplashActivity, appPackage=com.swaglabsmobileapp, automationName=UiAutomator2, avd=Pixel_5_API_32, avdLaunchTimeout=120000, chromeDriverPort=11000, databaseEnabled=false, desired={platformName=android, chromeDriverPort=11000, app=/Users/arieshome/Projects/Git/appium-pageobjectmodel/src/test/resources/app/Android.SauceLabs.Mobile.Sample.app.2.2.1.apk, appActivity=com.swaglabsmobileapp.SplashActivity, appPackage=com.swaglabsmobileapp, automationName=UiAutomator2, avd=Pixel_5_API_32, avdLaunchTimeout=120000, deviceName=Pixel_5_API_32, systemPort=10000, udid=emulator-5556}, deviceApiLevel=32, deviceManufacturer=Google, deviceModel=sdk_gphone64_arm64, deviceName=emulator-5556, deviceScreenDensity=440, deviceScreenSize=1080x2340, deviceUDID=emulator-5556, javascriptEnabled=true, locationContextEnabled=false, networkConnectionEnabled=true, pixelRatio=2.75, platform=LINUX, platformName=Android, platformVersion=12, statBarHeight=66, systemPort=10000, takesScreenshot=true, udid=emulator-5556, viewportRect={left=0, top=66, width=1080, height=2230}, warnings={}, webStorageEnabled=false}
[INFO ] 2022-09-26 22:58:09.834 com.qa.tests.LoginTests:47 - 
****** starting test:invalidPassword******

[INFO ] 2022-09-26 22:58:10.997 com.qa.BaseTest:344 - login with standard_user
[INFO ] 2022-09-26 22:58:12.777 com.qa.BaseTest:344 - password is invalidpassword
[INFO ] 2022-09-26 22:58:13.897 com.qa.BaseTest:332 - press login button
[INFO ] 2022-09-26 22:58:14.991 com.qa.BaseTest:364 - error text is - Username and password do not match any user in this service.
]]></system-out>
    <system-err><![CDATA[SLF4J: Failed to load class "org.slf4j.impl.StaticLoggerBinder".
SLF4J: Defaulting to no-operation (NOP) logger implementation
SLF4J: See http://www.slf4j.org/codes.html#StaticLoggerBinder for further details.
Sep 26, 2022 10:58:08 PM io.appium.java_client.remote.AppiumCommandExecutor$1 lambda$0
INFO: Detected dialect: W3C
]]></system-err>
  </testcase>
  <testcase name="invalidUserName" classname="com.qa.tests.LoginTests" time="3.365">
    <system-out><![CDATA[[INFO ] 2022-09-26 22:58:16.059 com.qa.BaseTest:132 - video path: videos/Android_Pixel_5_API_32/2022-09-26-22-57-56/LoginTests/invalidPassword.mp4
[INFO ] 2022-09-26 22:58:16.597 com.qa.tests.LoginTests:47 - 
****** starting test:invalidUserName******

[INFO ] 2022-09-26 22:58:17.371 com.qa.BaseTest:344 - login with invalidusername
[INFO ] 2022-09-26 22:58:19.065 com.qa.BaseTest:344 - password is secret_sauce
[INFO ] 2022-09-26 22:58:19.682 com.qa.BaseTest:332 - press login button
[INFO ] 2022-09-26 22:58:19.969 com.qa.BaseTest:364 - error text is - Username and password do not match any user in this service.
]]></system-out>
  </testcase>
  <testcase name="successfulLogin" classname="com.qa.tests.LoginTests" time="4.369">
    <system-out><![CDATA[[INFO ] 2022-09-26 22:58:20.839 com.qa.BaseTest:132 - video path: videos/Android_Pixel_5_API_32/2022-09-26-22-57-56/LoginTests/invalidUserName.mp4
[INFO ] 2022-09-26 22:58:21.373 com.qa.tests.LoginTests:47 - 
****** starting test:successfulLogin******

[INFO ] 2022-09-26 22:58:22.088 com.qa.BaseTest:344 - login with standard_user
[INFO ] 2022-09-26 22:58:23.261 com.qa.BaseTest:344 - password is secret_sauce
[INFO ] 2022-09-26 22:58:24.382 com.qa.BaseTest:332 - press login button
[INFO ] 2022-09-26 22:58:25.744 com.qa.BaseTest:364 - product page title is - PRODUCTS
]]></system-out>
  </testcase>
</testsuite>